**********************
nStart der Windows PowerShell-Aufzeichnung
Startzeit: 20240222174215
Benutzername: DREIKOM\henrique.medeiros
RunAs-Benutzer: DREIKOM\henrique.medeiros
Konfigurationsname: 
Computer: DK-NB15-HME (Microsoft Windows NT 10.0.22621.0)
Hostanwendung: C:\Windows\System32\WindowsPowerShell\v1.0\powershell.exe -NoProfile -ExecutionPolicy Bypass -Command Import-Module 'c:\Users\henrique.medeiros\.vscode\extensions\ms-vscode.powershell-2024.0.0\modules\PowerShellEditorServices\PowerShellEditorServices.psd1'; Start-EditorServices -HostName 'Visual Studio Code Host' -HostProfileId 'Microsoft.VSCode' -HostVersion '2024.0.0' -AdditionalModules @('PowerShellEditorServices.VSCode') -BundledModulesPath 'c:\Users\henrique.medeiros\.vscode\extensions\ms-vscode.powershell-2024.0.0\modules' -EnableConsoleRepl -StartupBanner "PowerShell Extension v2024.0.0
Copyright (c) Microsoft Corporation.

https://aka.ms/vscode-powershell
Type 'help' to get help.
" -LogLevel 'Normal' -LogPath 'c:\Users\henrique.medeiros\AppData\Roaming\Code\User\globalStorage\ms-vscode.powershell\logs\1708618220-ee2ea4e8-55ce-4894-a8c0-d555c2a130c71708618215742\EditorServices.log' -SessionDetailsPath 'c:\Users\henrique.medeiros\AppData\Roaming\Code\User\globalStorage\ms-vscode.powershell\sessions\PSES-VSCode-46992-332192.json' -FeatureFlags @() 
Prozess-ID: 30724
PSVersion: 5.1.22621.2506
PSEdition: Desktop
PSCompatibleVersions: 1.0, 2.0, 3.0, 4.0, 5.0, 5.1.22621.2506
BuildVersion: 10.0.22621.2506
CLRVersion: 4.0.30319.42000
WSManStackVersion: 3.0
PSRemotingProtocolVersion: 2.3
SerializationVersion: 1.1.0.1
**********************
Die Aufzeichnung wurde gestartet. Die Ausgabedatei ist ".\Importlogs.log".
CSV-Datei mit UTF-8 Codierung gespeichert
PHP-Skript ausgefuehrt

Adressbuch erfolgreich importiert
**********************
Ende der Windows PowerShell-Aufzeichnung
Endzeit: 20240222174232
**********************
